::1 - - [02/Oct/2023:06:40:12 +0000] "PUT /users HTTP/1.1" 201 30 "-" "PostmanRuntime/7.33.0"
::1 - - [02/Oct/2023:06:40:33 +0000] "PUT /users HTTP/1.1" 201 33 "-" "PostmanRuntime/7.33.0"
::1 - - [02/Oct/2023:06:40:40 +0000] "GET /users HTTP/1.1" 200 66 "-" "PostmanRuntime/7.33.0"
::1 - - [02/Oct/2023:06:45:13 +0000] "GET /users HTTP/1.1" 200 2 "-" "PostmanRuntime/7.33.0"
::1 - - [02/Oct/2023:06:48:48 +0000] "PUT /users HTTP/1.1" 201 48 "-" "PostmanRuntime/7.33.0"
::1 - - [02/Oct/2023:06:49:10 +0000] "PUT /users HTTP/1.1" 201 25 "-" "PostmanRuntime/7.33.0"
::1 - - [02/Oct/2023:06:50:44 +0000] "PUT /users HTTP/1.1" 201 80 "-" "PostmanRuntime/7.33.0"
::1 - - [02/Oct/2023:06:50:50 +0000] "GET /users HTTP/1.1" 200 157 "-" "PostmanRuntime/7.33.0"
::1 - - [02/Oct/2023:06:50:56 +0000] "GET /users HTTP/1.1" 200 157 "-" "PostmanRuntime/7.33.0"
::1 - - [02/Oct/2023:06:53:06 +0000] "DELETE /users HTTP/1.1" 200 34 "-" "PostmanRuntime/7.33.0"
::1 - - [03/Oct/2023:07:16:21 +0000] "POST /users HTTP/1.1" 201 24 "-" "PostmanRuntime/7.33.0"
::1 - - [03/Oct/2023:07:16:26 +0000] "GET /users HTTP/1.1" 200 26 "-" "PostmanRuntime/7.33.0"
::1 - - [03/Oct/2023:07:16:40 +0000] "POST /users HTTP/1.1" 201 25 "-" "PostmanRuntime/7.33.0"
::1 - - [03/Oct/2023:07:16:44 +0000] "GET /users HTTP/1.1" 200 52 "-" "PostmanRuntime/7.33.0"
::1 - - [03/Oct/2023:07:17:40 +0000] "PUT /users HTTP/1.1" 201 24 "-" "PostmanRuntime/7.33.0"
::1 - - [03/Oct/2023:07:17:43 +0000] "GET /users HTTP/1.1" 200 77 "-" "PostmanRuntime/7.33.0"
::1 - - [03/Oct/2023:14:57:55 +0000] "POST /users HTTP/1.1" 500 2123 "-" "PostmanRuntime/7.33.0"
::1 - - [03/Oct/2023:14:58:10 +0000] "POST /users HTTP/1.1" 500 2123 "-" "PostmanRuntime/7.33.0"
::1 - - [03/Oct/2023:15:00:06 +0000] "POST /users HTTP/1.1" 201 24 "-" "PostmanRuntime/7.33.0"
::1 - - [03/Oct/2023:15:00:14 +0000] "GET /users HTTP/1.1" 200 26 "-" "PostmanRuntime/7.33.0"
::1 - - [03/Oct/2023:15:00:52 +0000] "GET /users/1 HTTP/1.1" 404 146 "-" "PostmanRuntime/7.33.0"
::1 - - [03/Oct/2023:15:01:17 +0000] "GET /users/1 HTTP/1.1" 404 146 "-" "PostmanRuntime/7.33.0"
::1 - - [03/Oct/2023:15:01:21 +0000] "GET /users/ HTTP/1.1" 200 26 "-" "PostmanRuntime/7.33.0"
::1 - - [03/Oct/2023:15:02:04 +0000] "PUT /users/1 HTTP/1.1" 404 146 "-" "PostmanRuntime/7.33.0"
::1 - - [03/Oct/2023:15:02:15 +0000] "PUT /users/1 HTTP/1.1" 404 146 "-" "PostmanRuntime/7.33.0"
::1 - - [03/Oct/2023:15:02:24 +0000] "PUT /users/1 HTTP/1.1" 404 146 "-" "PostmanRuntime/7.33.0"
::1 - - [03/Oct/2023:15:02:30 +0000] "PUT /users/ HTTP/1.1" 404 145 "-" "PostmanRuntime/7.33.0"
::1 - - [03/Oct/2023:15:02:41 +0000] "PUT /users/:id HTTP/1.1" 404 148 "-" "PostmanRuntime/7.33.0"
::1 - - [03/Oct/2023:15:04:50 +0000] "PUT /users/:id HTTP/1.1" 404 148 "-" "PostmanRuntime/7.33.0"
::1 - - [03/Oct/2023:15:04:54 +0000] "POST /users/:id HTTP/1.1" 404 149 "-" "PostmanRuntime/7.33.0"
::1 - - [03/Oct/2023:15:05:54 +0000] "POST /users/:id HTTP/1.1" 404 149 "-" "PostmanRuntime/7.33.0"
::1 - - [03/Oct/2023:15:05:59 +0000] "POST /users/ HTTP/1.1" 201 24 "-" "PostmanRuntime/7.33.0"
::1 - - [03/Oct/2023:15:06:13 +0000] "POST /users/ HTTP/1.1" 201 25 "-" "PostmanRuntime/7.33.0"
::1 - - [03/Oct/2023:15:06:17 +0000] "GET /users/ HTTP/1.1" 200 52 "-" "PostmanRuntime/7.33.0"
::1 - - [03/Oct/2023:15:07:02 +0000] "PUT /users/:id HTTP/1.1" 404 148 "-" "PostmanRuntime/7.33.0"
::1 - - [03/Oct/2023:15:07:24 +0000] "GET /users/:id HTTP/1.1" 404 148 "-" "PostmanRuntime/7.33.0"
::1 - - [03/Oct/2023:15:07:31 +0000] "GET /users HTTP/1.1" 200 2 "-" "PostmanRuntime/7.33.0"
::1 - - [03/Oct/2023:15:08:04 +0000] "GET /users HTTP/1.1" 200 2 "-" "PostmanRuntime/7.33.0"
::1 - - [03/Oct/2023:15:08:11 +0000] "POST /users HTTP/1.1" 201 24 "-" "PostmanRuntime/7.33.0"
::1 - - [03/Oct/2023:15:08:19 +0000] "POST /users HTTP/1.1" 201 22 "-" "PostmanRuntime/7.33.0"
::1 - - [03/Oct/2023:15:08:24 +0000] "GET /users HTTP/1.1" 200 49 "-" "PostmanRuntime/7.33.0"
::1 - - [03/Oct/2023:15:08:49 +0000] "PUT /users/2 HTTP/1.1" 500 2109 "-" "PostmanRuntime/7.33.0"
::1 - - [03/Oct/2023:15:08:56 +0000] "PUT /users/:id HTTP/1.1" 500 2109 "-" "PostmanRuntime/7.33.0"
::1 - - [03/Oct/2023:15:10:03 +0000] "POST /users/:id HTTP/1.1" 404 149 "-" "PostmanRuntime/7.33.0"
::1 - - [03/Oct/2023:15:10:08 +0000] "POST /users HTTP/1.1" 201 49 "-" "PostmanRuntime/7.33.0"
::1 - - [03/Oct/2023:15:10:33 +0000] "PUT /users/2 HTTP/1.1" 500 2109 "-" "PostmanRuntime/7.33.0"
::1 - - [03/Oct/2023:15:10:41 +0000] "PUT /users/:id HTTP/1.1" 500 2109 "-" "PostmanRuntime/7.33.0"
::1 - - [03/Oct/2023:15:13:18 +0000] "POST /users HTTP/1.1" 201 49 "-" "PostmanRuntime/7.33.0"
::1 - - [03/Oct/2023:15:13:26 +0000] "GET /users HTTP/1.1" 200 51 "-" "PostmanRuntime/7.33.0"
::1 - - [03/Oct/2023:15:13:53 +0000] "PUT /users/2 HTTP/1.1" 500 15 "-" "PostmanRuntime/7.33.0"
::1 - - [03/Oct/2023:15:14:05 +0000] "GET /users HTTP/1.1" 200 51 "-" "PostmanRuntime/7.33.0"
::1 - - [03/Oct/2023:15:17:03 +0000] "PUT /users/2 HTTP/1.1" 500 15 "-" "PostmanRuntime/7.33.0"
::1 - - [03/Oct/2023:15:17:16 +0000] "PUT /users/2 HTTP/1.1" 500 15 "-" "PostmanRuntime/7.33.0"
::1 - - [03/Oct/2023:15:17:23 +0000] "GET /users/2 HTTP/1.1" 404 146 "-" "PostmanRuntime/7.33.0"
::1 - - [03/Oct/2023:15:17:28 +0000] "GET /users HTTP/1.1" 200 51 "-" "PostmanRuntime/7.33.0"
::1 - - [03/Oct/2023:15:17:53 +0000] "PUT /users/1 HTTP/1.1" 500 15 "-" "PostmanRuntime/7.33.0"
::1 - - [03/Oct/2023:15:22:34 +0000] "POST /users HTTP/1.1" 201 49 "-" "PostmanRuntime/7.33.0"
::1 - - [03/Oct/2023:15:22:59 +0000] "PUT /users/2 HTTP/1.1" 500 2105 "-" "PostmanRuntime/7.33.0"
::1 - - [03/Oct/2023:15:23:33 +0000] "GET /users HTTP/1.1" 200 2 "-" "PostmanRuntime/7.33.0"
::1 - - [03/Oct/2023:15:23:40 +0000] "POST /users HTTP/1.1" 201 49 "-" "PostmanRuntime/7.33.0"
::1 - - [03/Oct/2023:15:23:44 +0000] "GET /users HTTP/1.1" 200 51 "-" "PostmanRuntime/7.33.0"
::1 - - [03/Oct/2023:15:24:01 +0000] "PUT /users/2 HTTP/1.1" 500 15 "-" "PostmanRuntime/7.33.0"
::1 - - [03/Oct/2023:15:25:12 +0000] "POST /users HTTP/1.1" 201 22 "-" "PostmanRuntime/7.33.0"
::1 - - [03/Oct/2023:15:25:22 +0000] "POST /users HTTP/1.1" 201 22 "-" "PostmanRuntime/7.33.0"
::1 - - [03/Oct/2023:15:25:26 +0000] "GET /users HTTP/1.1" 200 47 "-" "PostmanRuntime/7.33.0"
::1 - - [03/Oct/2023:15:25:46 +0000] "PUT /users/2 HTTP/1.1" 200 25 "-" "PostmanRuntime/7.33.0"
::1 - - [03/Oct/2023:15:25:51 +0000] "GET /users/2 HTTP/1.1" 404 146 "-" "PostmanRuntime/7.33.0"
::1 - - [03/Oct/2023:15:25:56 +0000] "GET /users HTTP/1.1" 200 50 "-" "PostmanRuntime/7.33.0"
::1 - - [03/Oct/2023:16:28:10 +0000] "GET /users HTTP/1.1" 200 2 "-" "PostmanRuntime/7.33.0"
::1 - - [03/Oct/2023:16:28:16 +0000] "POST /users HTTP/1.1" 201 24 "-" "PostmanRuntime/7.33.0"
::1 - - [03/Oct/2023:16:28:30 +0000] "POST /users HTTP/1.1" 201 25 "-" "PostmanRuntime/7.33.0"
::1 - - [03/Oct/2023:16:28:34 +0000] "GET /users HTTP/1.1" 200 52 "-" "PostmanRuntime/7.33.0"
::1 - - [03/Oct/2023:16:28:41 +0000] "GET /users/2 HTTP/1.1" 200 25 "-" "PostmanRuntime/7.33.0"
::1 - - [03/Oct/2023:16:29:22 +0000] "GET /users/1 HTTP/1.1" 200 24 "-" "PostmanRuntime/7.33.0"
::1 - - [03/Oct/2023:16:30:16 +0000] "GET /users/3 HTTP/1.1" 500 17 "-" "PostmanRuntime/7.33.0"
::1 - - [03/Oct/2023:16:30:41 +0000] "GET /users/1 HTTP/1.1" 500 17 "-" "PostmanRuntime/7.33.0"
::1 - - [03/Oct/2023:16:30:47 +0000] "GET /users/1 HTTP/1.1" 500 17 "-" "PostmanRuntime/7.33.0"
::1 - - [03/Oct/2023:16:30:53 +0000] "GET /users/2 HTTP/1.1" 500 17 "-" "PostmanRuntime/7.33.0"
::1 - - [03/Oct/2023:16:31:32 +0000] "POST /users HTTP/1.1" 201 24 "-" "PostmanRuntime/7.33.0"
::1 - - [03/Oct/2023:16:31:42 +0000] "POST /users HTTP/1.1" 201 25 "-" "PostmanRuntime/7.33.0"
::1 - - [03/Oct/2023:16:31:50 +0000] "GET /users/2 HTTP/1.1" 200 25 "-" "PostmanRuntime/7.33.0"
::1 - - [03/Oct/2023:16:31:54 +0000] "GET /users/1 HTTP/1.1" 200 24 "-" "PostmanRuntime/7.33.0"
::1 - - [03/Oct/2023:16:32:09 +0000] "GET /users/3 HTTP/1.1" 500 17 "-" "PostmanRuntime/7.33.0"
::1 - - [03/Oct/2023:16:57:02 +0000] "POST /users HTTP/1.1" 201 25 "-" "PostmanRuntime/7.33.0"
::1 - - [03/Oct/2023:16:57:15 +0000] "POST /users HTTP/1.1" 201 25 "-" "PostmanRuntime/7.33.0"
::1 - - [03/Oct/2023:16:57:24 +0000] "DELETE /users/1 HTTP/1.1" 200 27 "-" "PostmanRuntime/7.33.0"
::1 - - [03/Oct/2023:16:57:34 +0000] "GET /users HTTP/1.1" 200 27 "-" "PostmanRuntime/7.33.0"
::1 - - [03/Oct/2023:16:57:41 +0000] "GET /users HTTP/1.1" 200 27 "-" "PostmanRuntime/7.33.0"
::1 - - [03/Oct/2023:17:05:39 +0000] "POST /users HTTP/1.1" 201 24 "-" "PostmanRuntime/7.33.0"
::1 - - [03/Oct/2023:17:05:49 +0000] "POST /users HTTP/1.1" 201 25 "-" "PostmanRuntime/7.33.0"
::1 - - [03/Oct/2023:17:06:02 +0000] "POST /users HTTP/1.1" 201 25 "-" "PostmanRuntime/7.33.0"
::1 - - [03/Oct/2023:17:06:13 +0000] "GET /users HTTP/1.1" 200 78 "-" "PostmanRuntime/7.33.0"
::1 - - [03/Oct/2023:17:06:25 +0000] "DELETE /users/2 HTTP/1.1" 200 34 "-" "PostmanRuntime/7.33.0"
::1 - - [03/Oct/2023:17:06:33 +0000] "GET /users HTTP/1.1" 200 52 "-" "PostmanRuntime/7.33.0"
::1 - - [03/Oct/2023:17:07:05 +0000] "POST /users HTTP/1.1" 201 24 "-" "PostmanRuntime/7.33.0"
::1 - - [03/Oct/2023:17:07:12 +0000] "GET /users HTTP/1.1" 200 77 "-" "PostmanRuntime/7.33.0"
::1 - - [03/Oct/2023:17:07:23 +0000] "DELETE /users/2 HTTP/1.1" 200 34 "-" "PostmanRuntime/7.33.0"
::1 - - [03/Oct/2023:17:07:28 +0000] "GET /users HTTP/1.1" 200 52 "-" "PostmanRuntime/7.33.0"
::1 - - [03/Oct/2023:17:07:43 +0000] "DELETE /users/2 HTTP/1.1" 200 34 "-" "PostmanRuntime/7.33.0"
::1 - - [03/Oct/2023:17:07:50 +0000] "GET /users HTTP/1.1" 200 26 "-" "PostmanRuntime/7.33.0"
::1 - - [03/Oct/2023:17:08:01 +0000] "GET /users/2 HTTP/1.1" 500 17 "-" "PostmanRuntime/7.33.0"
::1 - - [03/Oct/2023:17:08:25 +0000] "POST /users HTTP/1.1" 201 24 "-" "PostmanRuntime/7.33.0"
::1 - - [03/Oct/2023:17:08:36 +0000] "DELETE /users/1 HTTP/1.1" 200 34 "-" "PostmanRuntime/7.33.0"
::1 - - [03/Oct/2023:17:08:45 +0000] "GET /users HTTP/1.1" 200 26 "-" "PostmanRuntime/7.33.0"
::1 - - [04/Oct/2023:13:30:07 +0000] "POST /users HTTP/1.1" 201 24 "-" "PostmanRuntime/7.33.0"
::1 - - [04/Oct/2023:13:30:28 +0000] "PUT /users/1 HTTP/1.1" 200 25 "-" "PostmanRuntime/7.33.0"
::1 - - [04/Oct/2023:13:30:34 +0000] "GET /users HTTP/1.1" 200 27 "-" "PostmanRuntime/7.33.0"
::1 - - [04/Oct/2023:14:05:55 +0000] "POST /users HTTP/1.1" 201 24 "-" "PostmanRuntime/7.33.0"
::1 - - [04/Oct/2023:14:06:02 +0000] "GET /users HTTP/1.1" 200 26 "-" "Mozilla/5.0 (Windows NT 10.0; Win64; x64) AppleWebKit/537.36 (KHTML, like Gecko) Chrome/117.0.0.0 Safari/537.36"
::1 - - [04/Oct/2023:14:06:02 +0000] "GET /favicon.ico HTTP/1.1" 404 150 "http://localhost:3000/users" "Mozilla/5.0 (Windows NT 10.0; Win64; x64) AppleWebKit/537.36 (KHTML, like Gecko) Chrome/117.0.0.0 Safari/537.36"
::1 - - [04/Oct/2023:14:06:22 +0000] "POST /users HTTP/1.1" 201 25 "-" "PostmanRuntime/7.33.0"
::1 - - [04/Oct/2023:14:06:26 +0000] "GET /users HTTP/1.1" 200 52 "-" "Mozilla/5.0 (Windows NT 10.0; Win64; x64) AppleWebKit/537.36 (KHTML, like Gecko) Chrome/117.0.0.0 Safari/537.36"
::1 - - [04/Oct/2023:14:08:25 +0000] "GET /users/1 HTTP/1.1" 200 24 "-" "Mozilla/5.0 (Windows NT 10.0; Win64; x64) AppleWebKit/537.36 (KHTML, like Gecko) Chrome/117.0.0.0 Safari/537.36"
::1 - - [04/Oct/2023:14:08:32 +0000] "GET /users/2 HTTP/1.1" 200 25 "-" "Mozilla/5.0 (Windows NT 10.0; Win64; x64) AppleWebKit/537.36 (KHTML, like Gecko) Chrome/117.0.0.0 Safari/537.36"
::1 - - [04/Oct/2023:14:08:39 +0000] "GET /users HTTP/1.1" 304 - "-" "Mozilla/5.0 (Windows NT 10.0; Win64; x64) AppleWebKit/537.36 (KHTML, like Gecko) Chrome/117.0.0.0 Safari/537.36"
::1 - - [11/Oct/2023:08:26:42 +0000] "POST /film/1000 HTTP/1.1" 404 149 "-" "PostmanRuntime/7.33.0"
::1 - - [11/Oct/2023:08:26:54 +0000] "POST /users/ HTTP/1.1" 201 25 "-" "PostmanRuntime/7.33.0"
::1 - - [11/Oct/2023:08:27:04 +0000] "POST /users/ HTTP/1.1" 201 24 "-" "PostmanRuntime/7.33.0"
::1 - - [11/Oct/2023:08:27:27 +0000] "POST /users/ HTTP/1.1" 201 23 "-" "PostmanRuntime/7.33.0"
::1 - - [11/Oct/2023:08:27:36 +0000] "GET /users/ HTTP/1.1" 200 76 "-" "PostmanRuntime/7.33.0"
::1 - - [11/Oct/2023:08:27:40 +0000] "GET /users/3 HTTP/1.1" 200 23 "-" "PostmanRuntime/7.33.0"
::1 - - [11/Oct/2023:08:27:43 +0000] "GET /users/4 HTTP/1.1" 500 17 "-" "PostmanRuntime/7.33.0"
::1 - - [11/Oct/2023:08:27:46 +0000] "GET /users/2 HTTP/1.1" 200 24 "-" "PostmanRuntime/7.33.0"
::1 - - [11/Oct/2023:08:27:48 +0000] "GET /users/1 HTTP/1.1" 200 25 "-" "PostmanRuntime/7.33.0"
::1 - - [11/Oct/2023:08:28:20 +0000] "GET /users/1 HTTP/1.1" 200 25 "-" "PostmanRuntime/7.33.0"
::1 - - [11/Oct/2023:08:28:27 +0000] "GET /users/ HTTP/1.1" 200 76 "-" "PostmanRuntime/7.33.0"
::1 - - [11/Oct/2023:08:28:38 +0000] "PUT /users/1 HTTP/1.1" 200 22 "-" "PostmanRuntime/7.33.0"
::1 - - [11/Oct/2023:08:28:43 +0000] "GET /users/1 HTTP/1.1" 200 22 "-" "PostmanRuntime/7.33.0"
::1 - - [11/Oct/2023:08:28:46 +0000] "GET /users/ HTTP/1.1" 200 73 "-" "PostmanRuntime/7.33.0"
::1 - - [11/Oct/2023:08:28:58 +0000] "DELETE /users/1 HTTP/1.1" 200 34 "-" "PostmanRuntime/7.33.0"
::1 - - [11/Oct/2023:08:29:05 +0000] "GET /users/ HTTP/1.1" 200 49 "-" "PostmanRuntime/7.33.0"
::1 - - [11/Oct/2023:08:30:31 +0000] "POST /users/ HTTP/1.1" 201 25 "-" "PostmanRuntime/7.33.0"
::1 - - [11/Oct/2023:08:30:41 +0000] "POST /users/ HTTP/1.1" 201 22 "-" "PostmanRuntime/7.33.0"
::1 - - [11/Oct/2023:08:30:49 +0000] "POST /users/ HTTP/1.1" 201 23 "-" "PostmanRuntime/7.33.0"
::1 - - [11/Oct/2023:08:30:54 +0000] "GET /users/ HTTP/1.1" 200 74 "-" "PostmanRuntime/7.33.0"
::1 - - [11/Oct/2023:08:31:02 +0000] "DELETE /users/3 HTTP/1.1" 200 34 "-" "PostmanRuntime/7.33.0"
::1 - - [11/Oct/2023:08:31:09 +0000] "GET /users/3 HTTP/1.1" 500 17 "-" "PostmanRuntime/7.33.0"
::1 - - [11/Oct/2023:08:31:13 +0000] "GET /users/ HTTP/1.1" 200 50 "-" "PostmanRuntime/7.33.0"
::1 - - [11/Oct/2023:08:39:47 +0000] "POST /users/ HTTP/1.1" 201 91 "-" "PostmanRuntime/7.33.0"
::1 - - [11/Oct/2023:08:39:59 +0000] "GET /users/ HTTP/1.1" 200 93 "-" "Mozilla/5.0 (Windows NT 10.0; Win64; x64) AppleWebKit/537.36 (KHTML, like Gecko) Chrome/117.0.0.0 Safari/537.36"
::1 - - [11/Oct/2023:08:39:59 +0000] "GET /favicon.ico HTTP/1.1" 404 150 "http://localhost:3000/users/" "Mozilla/5.0 (Windows NT 10.0; Win64; x64) AppleWebKit/537.36 (KHTML, like Gecko) Chrome/117.0.0.0 Safari/537.36"
::1 - - [11/Oct/2023:08:40:07 +0000] "GET /users/1 HTTP/1.1" 500 17 "-" "Mozilla/5.0 (Windows NT 10.0; Win64; x64) AppleWebKit/537.36 (KHTML, like Gecko) Chrome/117.0.0.0 Safari/537.36"
::1 - - [11/Oct/2023:08:40:20 +0000] "GET /users/1 HTTP/1.1" 500 17 "-" "PostmanRuntime/7.33.0"
::1 - - [11/Oct/2023:08:40:33 +0000] "GET /users/%7B1%7D HTTP/1.1" 500 17 "-" "PostmanRuntime/7.33.0"
::1 - - [11/Oct/2023:08:40:36 +0000] "GET /users/1 HTTP/1.1" 500 17 "-" "PostmanRuntime/7.33.0"
::1 - - [11/Oct/2023:08:40:43 +0000] "GET /users/ HTTP/1.1" 200 93 "-" "PostmanRuntime/7.33.0"
::1 - - [11/Oct/2023:08:41:46 +0000] "GET /users/1 HTTP/1.1" 500 17 "-" "Mozilla/5.0 (Windows NT 10.0; Win64; x64) AppleWebKit/537.36 (KHTML, like Gecko) Chrome/117.0.0.0 Safari/537.36"
::1 - - [11/Oct/2023:08:44:40 +0000] "POST /users/ HTTP/1.1" 201 91 "-" "PostmanRuntime/7.33.0"
::1 - - [11/Oct/2023:08:44:47 +0000] "GET /users/ HTTP/1.1" 200 93 "-" "PostmanRuntime/7.33.0"
::1 - - [11/Oct/2023:08:45:03 +0000] "GET /users/1 HTTP/1.1" 500 17 "-" "PostmanRuntime/7.33.0"
::1 - - [11/Oct/2023:08:45:07 +0000] "GET /users/ HTTP/1.1" 200 93 "-" "PostmanRuntime/7.33.0"
::1 - - [11/Oct/2023:08:46:52 +0000] "GET /users/?id&name HTTP/1.1" 200 93 "-" "PostmanRuntime/7.33.0"
::1 - - [11/Oct/2023:08:47:05 +0000] "GET /users/?id=1&name HTTP/1.1" 200 93 "-" "PostmanRuntime/7.33.0"
::1 - - [11/Oct/2023:08:47:10 +0000] "GET /users/?id=1 HTTP/1.1" 200 93 "-" "PostmanRuntime/7.33.0"
::1 - - [11/Oct/2023:08:49:15 +0000] "GET /users/?id=&name HTTP/1.1" 200 93 "-" "PostmanRuntime/7.33.0"
::1 - - [11/Oct/2023:08:49:21 +0000] "GET /users/1 HTTP/1.1" 500 17 "-" "PostmanRuntime/7.33.0"
::1 - - [11/Oct/2023:08:49:31 +0000] "GET /users/1?id=1 HTTP/1.1" 500 17 "-" "PostmanRuntime/7.33.0"
::1 - - [11/Oct/2023:08:49:36 +0000] "GET /users/?id=1 HTTP/1.1" 200 93 "-" "PostmanRuntime/7.33.0"
::1 - - [11/Oct/2023:08:56:45 +0000] "POST /users/ HTTP/1.1" 201 91 "-" "PostmanRuntime/7.33.0"
::1 - - [11/Oct/2023:08:56:49 +0000] "GET /users/ HTTP/1.1" 200 93 "-" "PostmanRuntime/7.33.0"
::1 - - [11/Oct/2023:08:56:53 +0000] "GET /users/1 HTTP/1.1" 404 146 "-" "PostmanRuntime/7.33.0"
::1 - - [11/Oct/2023:08:57:19 +0000] "GET /users/1 HTTP/1.1" 500 17 "-" "PostmanRuntime/7.33.0"
::1 - - [11/Oct/2023:08:57:40 +0000] "GET /users/1 HTTP/1.1" 500 17 "-" "PostmanRuntime/7.33.0"
::1 - - [11/Oct/2023:08:58:09 +0000] "POST /users/ HTTP/1.1" 201 29 "-" "PostmanRuntime/7.33.0"
::1 - - [11/Oct/2023:08:58:12 +0000] "GET /users/ HTTP/1.1" 200 31 "-" "PostmanRuntime/7.33.0"
::1 - - [11/Oct/2023:08:58:24 +0000] "GET /users/ HTTP/1.1" 200 31 "-" "PostmanRuntime/7.33.0"
::1 - - [11/Oct/2023:08:58:43 +0000] "POST /users/ HTTP/1.1" 201 91 "-" "PostmanRuntime/7.33.0"
::1 - - [11/Oct/2023:08:59:49 +0000] "POST /users/ HTTP/1.1" 201 91 "-" "PostmanRuntime/7.33.0"
::1 - - [11/Oct/2023:08:59:56 +0000] "GET /users/ HTTP/1.1" 200 93 "-" "PostmanRuntime/7.33.0"
::1 - - [11/Oct/2023:09:00:41 +0000] "POST /users/ HTTP/1.1" 201 29 "-" "PostmanRuntime/7.33.0"
::1 - - [11/Oct/2023:09:00:47 +0000] "GET /users/ HTTP/1.1" 200 123 "-" "PostmanRuntime/7.33.0"
